#
# There is insufficient memory for the Java Runtime Environment to continue.
# Native memory allocation (mmap) failed to map 66060288 bytes for Failed to commit area from 0x000000008a000000 to 0x000000008df00000 of length 66060288.
# Possible reasons:
#   The system is out of physical RAM or swap space
#   The process is running with CompressedOops enabled, and the Java Heap may be blocking the growth of the native heap
# Possible solutions:
#   Reduce memory load on the system
#   Increase physical memory or swap space
#   Check if swap backing store is full
#   Decrease Java heap size (-Xmx/-Xms)
#   Decrease number of Java threads
#   Decrease Java thread stack sizes (-Xss)
#   Set larger code cache with -XX:ReservedCodeCacheSize=
#   JVM is running with Unscaled Compressed Oops mode in which the Java heap is
#     placed in the first 4GB address space. The Java Heap base address is the
#     maximum limit for the native heap growth. Please use -XX:HeapBaseMinAddress
#     to set the Java Heap base and to place the Java Heap above 4GB virtual address.
# This output file may be truncated or incomplete.
#
#  Out of Memory Error (./open/src/hotspot/os/windows/os_windows.cpp:3276), pid=5012, tid=10288
#
# JRE version: Java(TM) SE Runtime Environment 18.9 (11.0.13+10) (build 11.0.13+10-LTS-370)
# Java VM: Java HotSpot(TM) 64-Bit Server VM 18.9 (11.0.13+10-LTS-370, mixed mode, tiered, compressed oops, g1 gc, windows-amd64)
# No core dump will be written. Minidumps are not enabled by default on client versions of Windows
#

---------------  S U M M A R Y ------------

Command Line: -Dcom.sun.management.jmxremote -Dcom.sun.management.jmxremote.port=50407 -Dcom.sun.management.jmxremote.authenticate=false -Dcom.sun.management.jmxremote.ssl=false -Djava.rmi.server.hostname=localhost -Dspring.jmx.enabled=true -Dspring.application.admin.enabled=true -XX:TieredStopAtLevel=1 -Dspring.boot.project.name=user-service -Dfile.encoding=UTF-8 com.javatechie.spring.consul.api.UserServiceApplication --spring.output.ansi.enabled=always

Host: Intel(R) Xeon(R) Platinum 8272CL CPU @ 2.60GHz, 2 cores, 7G,  Windows 10 , 64 bit Build 19041 (10.0.19041.1706)
Time: Tue May 31 11:22:12 2022 Coordinated Universal Time elapsed time: 5.507817 seconds (0d 0h 0m 5s)

---------------  T H R E A D  ---------------

Current thread (0x00000166a33d5800):  VMThread "VM Thread" [stack: 0x00000031fe900000,0x00000031fea00000] [id=10288]

Stack: [0x00000031fe900000,0x00000031fea00000]
[error occurred during error reporting (printing stack bounds), id 0xc0000005, EXCEPTION_ACCESS_VIOLATION (0xc0000005) at pc=0x000001668d6310e7]

Native frames: (J=compiled Java code, j=interpreted, Vv=VM code, C=native code)
V  [jvm.dll+0x62870a]
V  [jvm.dll+0x761f2f]
V  [jvm.dll+0x7635d9]
V  [jvm.dll+0x763bc5]
V  [jvm.dll+0x763b7b]
V  [jvm.dll+0x627c53]
V  [jvm.dll+0x628308]
C  [ntdll.dll+0xa209f]
C  [ntdll.dll+0x51454]
C  [ntdll.dll+0xa0bce]
C  0x000001668d6310e7

VM_Operation (0x00000031fe3fd7f0): G1CollectForAllocation, mode: safepoint, requested by thread 0x0000016686006800


---------------  P R O C E S S  ---------------

Threads class SMR info:
_java_thread_list=0x00000166a6173620, length=20, elements={
0x0000016686006800, 0x00000166a33d8000, 0x00000166a33e3000, 0x00000166a33f8000,
0x00000166a33fa800, 0x00000166a33fc000, 0x00000166a3401800, 0x00000166a3407800,
0x00000166a3d77800, 0x00000166a438b800, 0x00000166a43b7800, 0x00000166a43bf800,
0x00000166a4735800, 0x00000166a4795800, 0x00000166a47d8800, 0x00000166a481e800,
0x00000166a607a800, 0x00000166a607b800, 0x00000166a607c000, 0x00000166a607d000
}

Java Threads: ( => current thread )
  0x0000016686006800 JavaThread "main" [_thread_blocked, id=11624, stack(0x00000031fe300000,0x00000031fe400000)]
  0x00000166a33d8000 JavaThread "Reference Handler" daemon [_thread_blocked, id=6768, stack(0x00000031fea00000,0x00000031feb00000)]
  0x00000166a33e3000 JavaThread "Finalizer" daemon [_thread_blocked, id=9320, stack(0x00000031feb00000,0x00000031fec00000)]
  0x00000166a33f8000 JavaThread "Signal Dispatcher" daemon [_thread_blocked, id=6312, stack(0x00000031fec00000,0x00000031fed00000)]
  0x00000166a33fa800 JavaThread "Attach Listener" daemon [_thread_blocked, id=13076, stack(0x00000031fed00000,0x00000031fee00000)]
  0x00000166a33fc000 JavaThread "Service Thread" daemon [_thread_blocked, id=12416, stack(0x00000031fee00000,0x00000031fef00000)]
  0x00000166a3401800 JavaThread "C1 CompilerThread0" daemon [_thread_blocked, id=11356, stack(0x00000031fef00000,0x00000031ff000000)]
  0x00000166a3407800 JavaThread "Sweeper thread" daemon [_thread_blocked, id=13044, stack(0x00000031ff000000,0x00000031ff100000)]
  0x00000166a3d77800 JavaThread "Common-Cleaner" daemon [_thread_blocked, id=10888, stack(0x00000031ff100000,0x00000031ff200000)]
  0x00000166a438b800 JavaThread "RMI TCP Accept-0" daemon [_thread_in_native, id=11476, stack(0x00000031ff300000,0x00000031ff400000)]
  0x00000166a43b7800 JavaThread "RMI TCP Accept-50407" daemon [_thread_in_native, id=13460, stack(0x00000031ff400000,0x00000031ff500000)]
  0x00000166a43bf800 JavaThread "RMI TCP Accept-0" daemon [_thread_in_native, id=14024, stack(0x00000031ff500000,0x00000031ff600000)]
  0x00000166a4735800 JavaThread "RMI TCP Connection(1)-127.0.0.1" daemon [_thread_in_native, id=5836, stack(0x00000031ff700000,0x00000031ff800000)]
  0x00000166a4795800 JavaThread "RMI TCP Connection(2)-127.0.0.1" daemon [_thread_in_native, id=7924, stack(0x00000031ff800000,0x00000031ff900000)]
  0x00000166a47d8800 JavaThread "RMI Scheduler(0)" daemon [_thread_blocked, id=8068, stack(0x00000031ffa00000,0x00000031ffb00000)]
  0x00000166a481e800 JavaThread "JMX server connection timeout 19" daemon [_thread_blocked, id=11028, stack(0x00000031ffb00000,0x00000031ffc00000)]
  0x00000166a607a800 JavaThread "Catalina-utility-1" [_thread_blocked, id=10808, stack(0x00000031ff900000,0x00000031ffa00000)]
  0x00000166a607b800 JavaThread "Catalina-utility-2" [_thread_blocked, id=10740, stack(0x00000031ffc00000,0x00000031ffd00000)]
  0x00000166a607c000 JavaThread "container-0" [_thread_blocked, id=7248, stack(0x00000031ffd00000,0x00000031ffe00000)]
  0x00000166a607d000 JavaThread "spring.cloud.inetutils" daemon [_thread_blocked, id=8100, stack(0x00000031ffe00000,0x00000031fff00000)]

Other Threads:
=>0x00000166a33d5800 VMThread "VM Thread" [stack: 0x00000031fe900000,0x00000031fea00000] [id=10288]
  0x00000166a4421000 WatcherThread [stack: 0x00000031ff600000,0x00000031ff700000] [id=7228]
  0x000001668601b800 GCTaskThread "GC Thread#0" [stack: 0x00000031fe400000,0x00000031fe500000] [id=11808]
  0x00000166a402b000 GCTaskThread "GC Thread#1" [stack: 0x00000031ff200000,0x00000031ff300000] [id=12984]
  0x000001668604b800 ConcurrentGCThread "G1 Main Marker" [stack: 0x00000031fe500000,0x00000031fe600000] [id=3088]
  0x000001668604e800 ConcurrentGCThread "G1 Conc#0" [stack: 0x00000031fe600000,0x00000031fe700000] [id=2412]
  0x00000166860d6800 ConcurrentGCThread "G1 Refine#0" [stack: 0x00000031fe700000,0x00000031fe800000] [id=8616]
  0x00000166860d8000 ConcurrentGCThread "G1 Young RemSet Sampling" [stack: 0x00000031fe800000,0x00000031fe900000] [id=8900]

Threads with active compile tasks:

VM state:at safepoint (normal execution)

VM Mutex/Monitor currently owned by a thread:  ([mutex/lock_event])
[0x0000016686004020] Threads_lock - owner thread: 0x00000166a33d5800
[0x00000166860040b0] Heap_lock - owner thread: 0x0000016686006800

Heap address: 0x0000000080000000, size: 2048 MB, Compressed Oops mode: 32-bit
Narrow klass base: 0x0000000000000000, Narrow klass shift: 3
Compressed class space size: 1073741824 Address: 0x0000000100000000

Heap:
 garbage-first heap   total 228352K, used 24005K [0x0000000080000000, 0x0000000100000000)
  region size 1024K, 12 young (12288K), 12 survivors (12288K)
 Metaspace       used 44395K, capacity 45607K, committed 45952K, reserved 1089536K
  class space    used 5694K, capacity 6179K, committed 6272K, reserved 1048576K
Heap Regions: E=young(eden), S=young(survivor), O=old, HS=humongous(starts), HC=humongous(continues), CS=collection set, F=free, A=archive, TAMS=top-at-mark-start (previous, next)
|   0|0x0000000080000000, 0x0000000080100000, 0x0000000080100000|100%| O|  |TAMS 0x0000000080100000, 0x0000000080000000| Untracked 
|   1|0x0000000080100000, 0x0000000080200000, 0x0000000080200000|100%| O|  |TAMS 0x0000000080200000, 0x0000000080100000| Untracked 
|   2|0x0000000080200000, 0x0000000080300000, 0x0000000080300000|100%| O|  |TAMS 0x0000000080300000, 0x0000000080200000| Untracked 
|   3|0x0000000080300000, 0x0000000080400000, 0x0000000080400000|100%| O|  |TAMS 0x0000000080400000, 0x0000000080300000| Untracked 
|   4|0x0000000080400000, 0x0000000080500000, 0x0000000080500000|100%| O|  |TAMS 0x0000000080500000, 0x0000000080400000| Untracked 
|   5|0x0000000080500000, 0x0000000080600000, 0x0000000080600000|100%| O|  |TAMS 0x00000000805f3a00, 0x0000000080500000| Untracked 
|   6|0x0000000080600000, 0x0000000080600000, 0x0000000080700000|  0%| F|  |TAMS 0x0000000080600000, 0x0000000080600000| Untracked 
|   7|0x0000000080700000, 0x0000000080800000, 0x0000000080800000|100%| O|  |TAMS 0x0000000080700000, 0x0000000080700000| Untracked 
|   8|0x0000000080800000, 0x0000000080900000, 0x0000000080900000|100%| O|  |TAMS 0x0000000080800000, 0x0000000080800000| Untracked 
|   9|0x0000000080900000, 0x0000000080a00000, 0x0000000080a00000|100%| O|  |TAMS 0x0000000080900000, 0x0000000080900000| Untracked 
|  10|0x0000000080a00000, 0x0000000080b00000, 0x0000000080b00000|100%| O|  |TAMS 0x0000000080a00000, 0x0000000080a00000| Untracked 
|  11|0x0000000080b00000, 0x0000000080c00000, 0x0000000080c00000|100%| O|  |TAMS 0x0000000080b00000, 0x0000000080b00000| Untracked 
|  12|0x0000000080c00000, 0x0000000080c71400, 0x0000000080d00000| 44%| O|  |TAMS 0x0000000080c00000, 0x0000000080c00000| Untracked 
|  13|0x0000000080d00000, 0x0000000080d00000, 0x0000000080e00000|  0%| F|  |TAMS 0x0000000080d00000, 0x0000000080d00000| Untracked 
|  14|0x0000000080e00000, 0x0000000080e00000, 0x0000000080f00000|  0%| F|  |TAMS 0x0000000080e00000, 0x0000000080e00000| Untracked 
|  15|0x0000000080f00000, 0x0000000080f00000, 0x0000000081000000|  0%| F|  |TAMS 0x0000000080f00000, 0x0000000080f00000| Untracked 
|  16|0x0000000081000000, 0x0000000081000000, 0x0000000081100000|  0%| F|  |TAMS 0x0000000081000000, 0x0000000081000000| Untracked 
|  17|0x0000000081100000, 0x0000000081100000, 0x0000000081200000|  0%| F|  |TAMS 0x0000000081100000, 0x0000000081100000| Untracked 
|  18|0x0000000081200000, 0x0000000081200000, 0x0000000081300000|  0%| F|  |TAMS 0x0000000081200000, 0x0000000081200000| Untracked 
|  19|0x0000000081300000, 0x0000000081300000, 0x0000000081400000|  0%| F|  |TAMS 0x0000000081300000, 0x0000000081300000| Untracked 
|  20|0x0000000081400000, 0x0000000081400000, 0x0000000081500000|  0%| F|  |TAMS 0x0000000081400000, 0x0000000081400000| Untracked 
|  21|0x0000000081500000, 0x0000000081500000, 0x0000000081600000|  0%| F|  |TAMS 0x0000000081500000, 0x0000000081500000| Untracked 
|  22|0x0000000081600000, 0x0000000081600000, 0x0000000081700000|  0%| F|  |TAMS 0x0000000081600000, 0x0000000081600000| Untracked 
|  23|0x0000000081700000, 0x0000000081700000, 0x0000000081800000|  0%| F|  |TAMS 0x0000000081700000, 0x0000000081700000| Untracked 
|  24|0x0000000081800000, 0x0000000081800000, 0x0000000081900000|  0%| F|  |TAMS 0x0000000081800000, 0x0000000081800000| Untracked 
|  25|0x0000000081900000, 0x0000000081900000, 0x0000000081a00000|  0%| F|  |TAMS 0x0000000081900000, 0x0000000081900000| Untracked 
|  26|0x0000000081a00000, 0x0000000081a00000, 0x0000000081b00000|  0%| F|  |TAMS 0x0000000081a00000, 0x0000000081a00000| Untracked 
|  27|0x0000000081b00000, 0x0000000081b00000, 0x0000000081c00000|  0%| F|  |TAMS 0x0000000081b00000, 0x0000000081b00000| Untracked 
|  28|0x0000000081c00000, 0x0000000081c00000, 0x0000000081d00000|  0%| F|  |TAMS 0x0000000081c00000, 0x0000000081c00000| Untracked 
|  29|0x0000000081d00000, 0x0000000081d00000, 0x0000000081e00000|  0%| F|  |TAMS 0x0000000081d00000, 0x0000000081d00000| Untracked 
|  30|0x0000000081e00000, 0x0000000081e00000, 0x0000000081f00000|  0%| F|  |TAMS 0x0000000081e00000, 0x0000000081e00000| Untracked 
|  31|0x0000000081f00000, 0x0000000081f00000, 0x0000000082000000|  0%| F|  |TAMS 0x0000000081f00000, 0x0000000081f00000| Untracked 
|  32|0x0000000082000000, 0x0000000082000000, 0x0000000082100000|  0%| F|  |TAMS 0x0000000082000000, 0x0000000082000000| Untracked 
|  33|0x0000000082100000, 0x0000000082100000, 0x0000000082200000|  0%| F|  |TAMS 0x0000000082100000, 0x0000000082100000| Untracked 
|  34|0x0000000082200000, 0x0000000082200000, 0x0000000082300000|  0%| F|  |TAMS 0x0000000082200000, 0x0000000082200000| Untracked 
|  35|0x0000000082300000, 0x0000000082300000, 0x0000000082400000|  0%| F|  |TAMS 0x0000000082300000, 0x0000000082300000| Untracked 
|  36|0x0000000082400000, 0x0000000082400000, 0x0000000082500000|  0%| F|  |TAMS 0x0000000082400000, 0x0000000082400000| Untracked 
|  37|0x0000000082500000, 0x0000000082500000, 0x0000000082600000|  0%| F|  |TAMS 0x0000000082500000, 0x0000000082500000| Untracked 
|  38|0x0000000082600000, 0x0000000082600000, 0x0000000082700000|  0%| F|  |TAMS 0x0000000082600000, 0x0000000082600000| Untracked 
|  39|0x0000000082700000, 0x0000000082700000, 0x0000000082800000|  0%| F|  |TAMS 0x0000000082700000, 0x0000000082700000| Untracked 
|  40|0x0000000082800000, 0x0000000082800000, 0x0000000082900000|  0%| F|  |TAMS 0x0000000082800000, 0x0000000082800000| Untracked 
|  41|0x0000000082900000, 0x0000000082900000, 0x0000000082a00000|  0%| F|  |TAMS 0x0000000082900000, 0x0000000082900000| Untracked 
|  42|0x0000000082a00000, 0x0000000082a00000, 0x0000000082b00000|  0%| F|  |TAMS 0x0000000082a00000, 0x0000000082a00000| Untracked 
|  43|0x0000000082b00000, 0x0000000082b00000, 0x0000000082c00000|  0%| F|  |TAMS 0x0000000082b00000, 0x0000000082b00000| Untracked 
|  44|0x0000000082c00000, 0x0000000082c00000, 0x0000000082d00000|  0%| F|  |TAMS 0x0000000082c00000, 0x0000000082c00000| Untracked 
|  45|0x0000000082d00000, 0x0000000082d00000, 0x0000000082e00000|  0%| F|  |TAMS 0x0000000082d00000, 0x0000000082d00000| Untracked 
|  46|0x0000000082e00000, 0x0000000082e00000, 0x0000000082f00000|  0%| F|  |TAMS 0x0000000082e00000, 0x0000000082e00000| Untracked 
|  47|0x0000000082f00000, 0x0000000082f00000, 0x0000000083000000|  0%| F|  |TAMS 0x0000000082f00000, 0x0000000082f00000| Untracked 
|  48|0x0000000083000000, 0x0000000083000000, 0x0000000083100000|  0%| F|  |TAMS 0x0000000083000000, 0x0000000083000000| Untracked 
|  49|0x0000000083100000, 0x0000000083100000, 0x0000000083200000|  0%| F|  |TAMS 0x0000000083100000, 0x0000000083100000| Untracked 
|  50|0x0000000083200000, 0x0000000083200000, 0x0000000083300000|  0%| F|  |TAMS 0x0000000083200000, 0x0000000083200000| Untracked 
|  51|0x0000000083300000, 0x0000000083300000, 0x0000000083400000|  0%| F|  |TAMS 0x0000000083300000, 0x0000000083300000| Untracked 
|  52|0x0000000083400000, 0x0000000083500000, 0x0000000083500000|100%| S|CS|TAMS 0x0000000083400000, 0x0000000083400000| Complete 
|  53|0x0000000083500000, 0x0000000083600000, 0x0000000083600000|100%| S|CS|TAMS 0x0000000083500000, 0x0000000083500000| Complete 
|  54|0x0000000083600000, 0x0000000083700000, 0x0000000083700000|100%| S|CS|TAMS 0x0000000083600000, 0x0000000083600000| Complete 
|  55|0x0000000083700000, 0x0000000083700000, 0x0000000083800000|  0%| F|  |TAMS 0x0000000083700000, 0x0000000083700000| Untracked 
|  56|0x0000000083800000, 0x0000000083800000, 0x0000000083900000|  0%| F|  |TAMS 0x0000000083800000, 0x0000000083800000| Untracked 
|  57|0x0000000083900000, 0x0000000083900000, 0x0000000083a00000|  0%| F|  |TAMS 0x0000000083900000, 0x0000000083900000| Untracked 
|  58|0x0000000083a00000, 0x0000000083a00000, 0x0000000083b00000|  0%| F|  |TAMS 0x0000000083a00000, 0x0000000083a00000| Untracked 
|  59|0x0000000083b00000, 0x0000000083b00000, 0x0000000083c00000|  0%| F|  |TAMS 0x0000000083b00000, 0x0000000083b00000| Untracked 
|  60|0x0000000083c00000, 0x0000000083c00000, 0x0000000083d00000|  0%| F|  |TAMS 0x0000000083c00000, 0x0000000083c00000| Untracked 
|  61|0x0000000083d00000, 0x0000000083d00000, 0x0000000083e00000|  0%| F|  |TAMS 0x0000000083d00000, 0x0000000083d00000| Untracked 
|  62|0x0000000083e00000, 0x0000000083e00000, 0x0000000083f00000|  0%| F|  |TAMS 0x0000000083e00000, 0x0000000083e00000| Untracked 
|  63|0x0000000083f00000, 0x0000000083f00000, 0x0000000084000000|  0%| F|  |TAMS 0x0000000083f00000, 0x0000000083f00000| Untracked 
|  64|0x0000000084000000, 0x0000000084100000, 0x0000000084100000|100%| S|CS|TAMS 0x0000000084000000, 0x0000000084000000| Complete 
|  65|0x0000000084100000, 0x0000000084200000, 0x0000000084200000|100%| S|CS|TAMS 0x0000000084100000, 0x0000000084100000| Complete 
|  66|0x0000000084200000, 0x0000000084300000, 0x0000000084300000|100%| S|CS|TAMS 0x0000000084200000, 0x0000000084200000| Complete 
|  67|0x0000000084300000, 0x0000000084400000, 0x0000000084400000|100%| S|CS|TAMS 0x0000000084300000, 0x0000000084300000| Complete 
|  68|0x0000000084400000, 0x0000000084500000, 0x0000000084500000|100%| S|CS|TAMS 0x0000000084400000, 0x0000000084400000| Complete 
|  69|0x0000000084500000, 0x0000000084600000, 0x0000000084600000|100%| S|CS|TAMS 0x0000000084500000, 0x0000000084500000| Complete 
|  70|0x0000000084600000, 0x0000000084700000, 0x0000000084700000|100%| S|CS|TAMS 0x0000000084600000, 0x0000000084600000| Complete 
|  71|0x0000000084700000, 0x0000000084800000, 0x0000000084800000|100%| S|CS|TAMS 0x0000000084700000, 0x0000000084700000| Complete 
|  72|0x0000000084800000, 0x0000000084900000, 0x0000000084900000|100%| S|CS|TAMS 0x0000000084800000, 0x0000000084800000| Complete 
|  73|0x0000000084900000, 0x0000000084900000, 0x0000000084a00000|  0%| F|  |TAMS 0x0000000084900000, 0x0000000084900000| Untracked 
|  74|0x0000000084a00000, 0x0000000084a00000, 0x0000000084b00000|  0%| F|  |TAMS 0x0000000084a00000, 0x0000000084a00000| Untracked 
|  75|0x0000000084b00000, 0x0000000084b00000, 0x0000000084c00000|  0%| F|  |TAMS 0x0000000084b00000, 0x0000000084b00000| Untracked 
|  76|0x0000000084c00000, 0x0000000084c00000, 0x0000000084d00000|  0%| F|  |TAMS 0x0000000084c00000, 0x0000000084c00000| Untracked 
|  77|0x0000000084d00000, 0x0000000084d00000, 0x0000000084e00000|  0%| F|  |TAMS 0x0000000084d00000, 0x0000000084d00000| Untracked 
|  78|0x0000000084e00000, 0x0000000084e00000, 0x0000000084f00000|  0%| F|  |TAMS 0x0000000084e00000, 0x0000000084e00000| Untracked 
|  79|0x0000000084f00000, 0x0000000084f00000, 0x0000000085000000|  0%| F|  |TAMS 0x0000000084f00000, 0x0000000084f00000| Untracked 
|  80|0x0000000085000000, 0x0000000085000000, 0x0000000085100000|  0%| F|  |TAMS 0x0000000085000000, 0x0000000085000000| Untracked 
|  81|0x0000000085100000, 0x0000000085100000, 0x0000000085200000|  0%| F|  |TAMS 0x0000000085100000, 0x0000000085100000| Untracked 
|  82|0x0000000085200000, 0x0000000085200000, 0x0000000085300000|  0%| F|  |TAMS 0x0000000085200000, 0x0000000085200000| Untracked 
|  83|0x0000000085300000, 0x0000000085300000, 0x0000000085400000|  0%| F|  |TAMS 0x0000000085300000, 0x0000000085300000| Untracked 
|  84|0x0000000085400000, 0x0000000085400000, 0x0000000085500000|  0%| F|  |TAMS 0x0000000085400000, 0x0000000085400000| Untracked 
|  85|0x0000000085500000, 0x0000000085500000, 0x0000000085600000|  0%| F|  |TAMS 0x0000000085500000, 0x0000000085500000| Untracked 
|  86|0x0000000085600000, 0x0000000085600000, 0x0000000085700000|  0%| F|  |TAMS 0x0000000085600000, 0x0000000085600000| Untracked 
|  87|0x0000000085700000, 0x0000000085700000, 0x0000000085800000|  0%| F|  |TAMS 0x0000000085700000, 0x0000000085700000| Untracked 
|  88|0x0000000085800000, 0x0000000085800000, 0x0000000085900000|  0%| F|  |TAMS 0x0000000085800000, 0x0000000085800000| Untracked 
|  89|0x0000000085900000, 0x0000000085900000, 0x0000000085a00000|  0%| F|  |TAMS 0x0000000085900000, 0x0000000085900000| Untracked 
|  90|0x0000000085a00000, 0x0000000085a00000, 0x0000000085b00000|  0%| F|  |TAMS 0x0000000085a00000, 0x0000000085a00000| Untracked 
|  91|0x0000000085b00000, 0x0000000085b00000, 0x0000000085c00000|  0%| F|  |TAMS 0x0000000085b00000, 0x0000000085b00000| Untracked 
|  92|0x0000000085c00000, 0x0000000085c00000, 0x0000000085d00000|  0%| F|  |TAMS 0x0000000085c00000, 0x0000000085c00000| Untracked 
|  93|0x0000000085d00000, 0x0000000085d00000, 0x0000000085e00000|  0%| F|  |TAMS 0x0000000085d00000, 0x0000000085d00000| Untracked 
|  94|0x0000000085e00000, 0x0000000085e00000, 0x0000000085f00000|  0%| F|  |TAMS 0x0000000085e00000, 0x0000000085e00000| Untracked 
|  95|0x0000000085f00000, 0x0000000085f00000, 0x0000000086000000|  0%| F|  |TAMS 0x0000000085f00000, 0x0000000085f00000| Untracked 
|  96|0x0000000086000000, 0x0000000086000000, 0x0000000086100000|  0%| F|  |TAMS 0x0000000086000000, 0x0000000086000000| Untracked 
|  97|0x0000000086100000, 0x0000000086100000, 0x0000000086200000|  0%| F|  |TAMS 0x0000000086100000, 0x0000000086100000| Untracked 
|  98|0x0000000086200000, 0x0000000086200000, 0x0000000086300000|  0%| F|  |TAMS 0x0000000086200000, 0x0000000086200000| Untracked 
|  99|0x0000000086300000, 0x0000000086300000, 0x0000000086400000|  0%| F|  |TAMS 0x0000000086300000, 0x0000000086300000| Untracked 
| 100|0x0000000086400000, 0x0000000086400000, 0x0000000086500000|  0%| F|  |TAMS 0x0000000086400000, 0x0000000086400000| Untracked 
| 101|0x0000000086500000, 0x0000000086500000, 0x0000000086600000|  0%| F|  |TAMS 0x0000000086500000, 0x0000000086500000| Untracked 
| 102|0x0000000086600000, 0x0000000086600000, 0x0000000086700000|  0%| F|  |TAMS 0x0000000086600000, 0x0000000086600000| Untracked 
| 103|0x0000000086700000, 0x0000000086700000, 0x0000000086800000|  0%| F|  |TAMS 0x0000000086700000, 0x0000000086700000| Untracked 
| 104|0x0000000086800000, 0x0000000086800000, 0x0000000086900000|  0%| F|  |TAMS 0x0000000086800000, 0x0000000086800000| Untracked 
| 105|0x0000000086900000, 0x0000000086900000, 0x0000000086a00000|  0%| F|  |TAMS 0x0000000086900000, 0x0000000086900000| Untracked 
| 106|0x0000000086a00000, 0x0000000086a00000, 0x0000000086b00000|  0%| F|  |TAMS 0x0000000086a00000, 0x0000000086a00000| Untracked 
| 107|0x0000000086b00000, 0x0000000086b00000, 0x0000000086c00000|  0%| F|  |TAMS 0x0000000086b00000, 0x0000000086b00000| Untracked 
| 108|0x0000000086c00000, 0x0000000086c00000, 0x0000000086d00000|  0%| F|  |TAMS 0x0000000086c00000, 0x0000000086c00000| Untracked 
| 109|0x0000000086d00000, 0x0000000086d00000, 0x0000000086e00000|  0%| F|  |TAMS 0x0000000086d00000, 0x0000000086d00000| Untracked 
| 110|0x0000000086e00000, 0x0000000086e00000, 0x0000000086f00000|  0%| F|  |TAMS 0x0000000086e00000, 0x0000000086e00000| Untracked 
| 111|0x0000000086f00000, 0x0000000086f00000, 0x0000000087000000|  0%| F|  |TAMS 0x0000000086f00000, 0x0000000086f00000| Untracked 
| 112|0x0000000087000000, 0x0000000087000000, 0x0000000087100000|  0%| F|  |TAMS 0x0000000087000000, 0x0000000087000000| Untracked 
| 113|0x0000000087100000, 0x0000000087100000, 0x0000000087200000|  0%| F|  |TAMS 0x0000000087100000, 0x0000000087100000| Untracked 
| 114|0x0000000087200000, 0x0000000087200000, 0x0000000087300000|  0%| F|  |TAMS 0x0000000087200000, 0x0000000087200000| Untracked 
| 115|0x0000000087300000, 0x0000000087300000, 0x0000000087400000|  0%| F|  |TAMS 0x0000000087300000, 0x0000000087300000| Untracked 
| 116|0x0000000087400000, 0x0000000087400000, 0x0000000087500000|  0%| F|  |TAMS 0x0000000087400000, 0x0000000087400000| Untracked 
| 117|0x0000000087500000, 0x0000000087500000, 0x0000000087600000|  0%| F|  |TAMS 0x0000000087500000, 0x0000000087500000| Untracked 
| 118|0x0000000087600000, 0x0000000087600000, 0x0000000087700000|  0%| F|  |TAMS 0x0000000087600000, 0x0000000087600000| Untracked 
| 119|0x0000000087700000, 0x0000000087700000, 0x0000000087800000|  0%| F|  |TAMS 0x0000000087700000, 0x0000000087700000| Untracked 
| 120|0x0000000087800000, 0x0000000087800000, 0x0000000087900000|  0%| F|  |TAMS 0x0000000087800000, 0x0000000087800000| Untracked 
| 121|0x0000000087900000, 0x0000000087900000, 0x0000000087a00000|  0%| F|  |TAMS 0x0000000087900000, 0x0000000087900000| Untracked 
| 122|0x0000000087a00000, 0x0000000087a00000, 0x0000000087b00000|  0%| F|  |TAMS 0x0000000087a00000, 0x0000000087a00000| Untracked 
| 123|0x0000000087b00000, 0x0000000087b00000, 0x0000000087c00000|  0%| F|  |TAMS 0x0000000087b00000, 0x0000000087b00000| Untracked 
| 124|0x0000000087c00000, 0x0000000087c00000, 0x0000000087d00000|  0%| F|  |TAMS 0x0000000087c00000, 0x0000000087c00000| Untracked 
| 125|0x0000000087d00000, 0x0000000087d00000, 0x0000000087e00000|  0%| F|  |TAMS 0x0000000087d00000, 0x0000000087d00000| Untracked 
| 126|0x0000000087e00000, 0x0000000087e00000, 0x0000000087f00000|  0%| F|  |TAMS 0x0000000087e00000, 0x0000000087e00000| Untracked 
| 127|0x0000000087f00000, 0x0000000087f00000, 0x0000000088000000|  0%| F|  |TAMS 0x0000000087f00000, 0x0000000087f00000| Untracked 
| 128|0x0000000088000000, 0x0000000088000000, 0x0000000088100000|  0%| F|  |TAMS 0x0000000088000000, 0x0000000088000000| Untracked 
| 129|0x0000000088100000, 0x0000000088100000, 0x0000000088200000|  0%| F|  |TAMS 0x0000000088100000, 0x0000000088100000| Untracked 
| 130|0x0000000088200000, 0x0000000088200000, 0x0000000088300000|  0%| F|  |TAMS 0x0000000088200000, 0x0000000088200000| Untracked 
| 131|0x0000000088300000, 0x0000000088300000, 0x0000000088400000|  0%| F|  |TAMS 0x0000000088300000, 0x0000000088300000| Untracked 
| 132|0x0000000088400000, 0x0000000088400000, 0x0000000088500000|  0%| F|  |TAMS 0x0000000088400000, 0x0000000088400000| Untracked 
| 133|0x0000000088500000, 0x0000000088500000, 0x0000000088600000|  0%| F|  |TAMS 0x0000000088500000, 0x0000000088500000| Untracked 
| 134|0x0000000088600000, 0x0000000088600000, 0x0000000088700000|  0%| F|  |TAMS 0x0000000088600000, 0x0000000088600000| Untracked 
| 135|0x0000000088700000, 0x0000000088700000, 0x0000000088800000|  0%| F|  |TAMS 0x0000000088700000, 0x0000000088700000| Untracked 
| 136|0x0000000088800000, 0x0000000088800000, 0x0000000088900000|  0%| F|  |TAMS 0x0000000088800000, 0x0000000088800000| Untracked 
| 137|0x0000000088900000, 0x0000000088900000, 0x0000000088a00000|  0%| F|  |TAMS 0x0000000088900000, 0x0000000088900000| Untracked 
| 138|0x0000000088a00000, 0x0000000088a00000, 0x0000000088b00000|  0%| F|  |TAMS 0x0000000088a00000, 0x0000000088a00000| Untracked 
| 139|0x0000000088b00000, 0x0000000088b00000, 0x0000000088c00000|  0%| F|  |TAMS 0x0000000088b00000, 0x0000000088b00000| Untracked 
| 140|0x0000000088c00000, 0x0000000088c00000, 0x0000000088d00000|  0%| F|  |TAMS 0x0000000088c00000, 0x0000000088c00000| Untracked 
| 141|0x0000000088d00000, 0x0000000088d00000, 0x0000000088e00000|  0%| F|  |TAMS 0x0000000088d00000, 0x0000000088d00000| Untracked 
| 142|0x0000000088e00000, 0x0000000088e00000, 0x0000000088f00000|  0%| F|  |TAMS 0x0000000088e00000, 0x0000000088e00000| Untracked 
| 143|0x0000000088f00000, 0x0000000088f00000, 0x0000000089000000|  0%| F|  |TAMS 0x0000000088f00000, 0x0000000088f00000| Untracked 
| 144|0x0000000089000000, 0x0000000089000000, 0x0000000089100000|  0%| F|  |TAMS 0x0000000089000000, 0x0000000089000000| Untracked 
| 145|0x0000000089100000, 0x0000000089100000, 0x0000000089200000|  0%| F|  |TAMS 0x0000000089100000, 0x0000000089100000| Untracked 
| 146|0x0000000089200000, 0x0000000089200000, 0x0000000089300000|  0%| F|  |TAMS 0x0000000089200000, 0x0000000089200000| Untracked 
| 147|0x0000000089300000, 0x0000000089300000, 0x0000000089400000|  0%| F|  |TAMS 0x0000000089300000, 0x0000000089300000| Untracked 
| 148|0x0000000089400000, 0x0000000089400000, 0x0000000089500000|  0%| F|  |TAMS 0x0000000089400000, 0x0000000089400000| Untracked 
| 149|0x0000000089500000, 0x0000000089500000, 0x0000000089600000|  0%| F|  |TAMS 0x0000000089500000, 0x0000000089500000| Untracked 
| 150|0x0000000089600000, 0x0000000089600000, 0x0000000089700000|  0%| F|  |TAMS 0x0000000089600000, 0x0000000089600000| Untracked 
| 151|0x0000000089700000, 0x0000000089700000, 0x0000000089800000|  0%| F|  |TAMS 0x0000000089700000, 0x0000000089700000| Untracked 
| 152|0x0000000089800000, 0x0000000089800000, 0x0000000089900000|  0%| F|  |TAMS 0x0000000089800000, 0x0000000089800000| Untracked 
| 153|0x0000000089900000, 0x0000000089900000, 0x0000000089a00000|  0%| F|  |TAMS 0x0000000089900000, 0x0000000089900000| Untracked 
| 154|0x0000000089a00000, 0x0000000089a00000, 0x0000000089b00000|  0%| F|  |TAMS 0x0000000089a00000, 0x0000000089a00000| Untracked 
| 155|0x0000000089b00000, 0x0000000089b00000, 0x0000000089c00000|  0%| F|  |TAMS 0x0000000089b00000, 0x0000000089b00000| Untracked 
| 156|0x0000000089c00000, 0x0000000089c00000, 0x0000000089d00000|  0%| F|  |TAMS 0x0000000089c00000, 0x0000000089c00000| Untracked 
| 157|0x0000000089d00000, 0x0000000089d00000, 0x0000000089e00000|  0%| F|  |TAMS 0x0000000089d00000, 0x0000000089d00000| Untracked 
| 158|0x0000000089e00000, 0x0000000089e00000, 0x0000000089f00000|  0%| F|  |TAMS 0x0000000089e00000, 0x0000000089e00000| Untracked 
| 159|0x0000000089f00000, 0x0000000089f00000, 0x000000008a000000|  0%| F|  |TAMS 0x0000000089f00000, 0x0000000089f00000| Untracked 

Card table byte_map: [0x000001669ca30000,0x000001669ce30000] _byte_map_base: 0x000001669c630000

Marking Bits (Prev, Next): (CMBitMap*) 0x0000016686042e48, (CMBitMap*) 0x0000016686042e80
 Prev Bits: [0x000001669d230000, 0x000001669f230000)
 Next Bits: [0x000001669f230000, 0x00000166a1230000)

Polling page: 0x0000016683ff0000

Metaspace:

Usage:
  Non-class:     38.50 MB capacity,    37.79 MB ( 98%) used,   590.97 KB (  1%) free+waste,   136.44 KB ( <1%) overhead. 
      Class:      6.03 MB capacity,     5.56 MB ( 92%) used,   415.60 KB (  7%) free+waste,    68.94 KB (  1%) overhead. 
       Both:     44.54 MB capacity,    43.35 MB ( 97%) used,  1006.57 KB (  2%) free+waste,   205.38 KB ( <1%) overhead. 

Virtual space:
  Non-class space:       40.00 MB reserved,      38.75 MB ( 97%) committed 
      Class space:        1.00 GB reserved,       6.13 MB ( <1%) committed 
             Both:        1.04 GB reserved,      44.88 MB (  4%) committed 

Chunk freelists:
   Non-Class:  0 bytes
       Class:  3.63 KB
        Both:  3.63 KB

CodeHeap 'non-profiled nmethods': size=239488Kb used=6943Kb max_used=6943Kb free=232544Kb
 bounds [0x000001668dc50000, 0x000001668e320000, 0x000001669c630000]
CodeHeap 'non-nmethods': size=6272Kb used=1186Kb max_used=1186Kb free=5085Kb
 bounds [0x000001668d630000, 0x000001668d8a0000, 0x000001668dc50000]
 total_blobs=4786 nmethods=4269 adapters=443
 compilation: enabled
              stopped_count=0, restarted_count=0
 full_count=0

Compilation events (10 events):
Event: 5.386 Thread 0x00000166a3401800 4264       1       java.lang.invoke.VarHandleGuards::guard_LLL_Z (70 bytes)
Event: 5.387 Thread 0x00000166a3401800 nmethod 4264 0x000001668e315d10 code [0x000001668e315f40, 0x000001668e316528]
Event: 5.388 Thread 0x00000166a3401800 4266       1       org.springframework.aop.framework.autoproxy.ProxyCreationContext::setCurrentProxiedBeanName (21 bytes)
Event: 5.388 Thread 0x00000166a3401800 nmethod 4266 0x000001668e316a10 code [0x000001668e316be0, 0x000001668e316e28]
Event: 5.453 Thread 0x00000166a3401800 4267       1       org.springframework.beans.factory.support.AbstractAutowireCapableBeanFactory::getParameterNameDiscoverer (5 bytes)
Event: 5.453 Thread 0x00000166a3401800 nmethod 4267 0x000001668e317010 code [0x000001668e3171a0, 0x000001668e317258]
Event: 5.455 Thread 0x00000166a3401800 4268       1       org.springframework.asm.MethodWriter::visitLookupSwitchInsn (114 bytes)
Event: 5.455 Thread 0x00000166a3401800 nmethod 4268 0x000001668e317310 code [0x000001668e317500, 0x000001668e317808]
Event: 5.462 Thread 0x00000166a3401800 4269       1       java.lang.reflect.Constructor::getAnnotationBytes (5 bytes)
Event: 5.462 Thread 0x00000166a3401800 nmethod 4269 0x000001668e317b10 code [0x000001668e317ca0, 0x000001668e317d58]

GC Heap History (10 events):
Event: 1.212 GC heap after
{Heap after GC invocations=4 (full 0):
 garbage-first heap   total 131072K, used 7118K [0x0000000080000000, 0x0000000100000000)
  region size 1024K, 1 young (1024K), 1 survivors (1024K)
 Metaspace       used 17301K, capacity 17756K, committed 18048K, reserved 1064960K
  class space    used 1931K, capacity 2124K, committed 2176K, reserved 1048576K
}
Event: 1.509 GC heap before
{Heap before GC invocations=4 (full 0):
 garbage-first heap   total 131072K, used 27598K [0x0000000080000000, 0x0000000100000000)
  region size 1024K, 21 young (21504K), 1 survivors (1024K)
 Metaspace       used 20388K, capacity 20875K, committed 20992K, reserved 1067008K
  class space    used 2504K, capacity 2719K, committed 2816K, reserved 1048576K
}
Event: 1.517 GC heap after
{Heap after GC invocations=5 (full 0):
 garbage-first heap   total 163840K, used 8049K [0x0000000080000000, 0x0000000100000000)
  region size 1024K, 2 young (2048K), 2 survivors (2048K)
 Metaspace       used 20388K, capacity 20875K, committed 20992K, reserved 1067008K
  class space    used 2504K, capacity 2719K, committed 2816K, reserved 1048576K
}
Event: 1.531 GC heap before
{Heap before GC invocations=5 (full 0):
 garbage-first heap   total 163840K, used 9073K [0x0000000080000000, 0x0000000100000000)
  region size 1024K, 4 young (4096K), 2 survivors (2048K)
 Metaspace       used 20635K, capacity 21167K, committed 21248K, reserved 1067008K
  class space    used 2534K, capacity 2796K, committed 2816K, reserved 1048576K
}
Event: 1.537 GC heap after
{Heap after GC invocations=6 (full 0):
 garbage-first heap   total 163840K, used 8316K [0x0000000080000000, 0x0000000100000000)
  region size 1024K, 3 young (3072K), 3 survivors (3072K)
 Metaspace       used 20635K, capacity 21167K, committed 21248K, reserved 1067008K
  class space    used 2534K, capacity 2796K, committed 2816K, reserved 1048576K
}
Event: 1.870 GC heap before
{Heap before GC invocations=7 (full 0):
 garbage-first heap   total 163840K, used 35964K [0x0000000080000000, 0x0000000100000000)
  region size 1024K, 31 young (31744K), 3 survivors (3072K)
 Metaspace       used 26117K, capacity 26740K, committed 26880K, reserved 1073152K
  class space    used 3203K, capacity 3484K, committed 3584K, reserved 1048576K
}
Event: 1.878 GC heap after
{Heap after GC invocations=8 (full 0):
 garbage-first heap   total 163840K, used 9097K [0x0000000080000000, 0x0000000100000000)
  region size 1024K, 3 young (3072K), 3 survivors (3072K)
 Metaspace       used 26117K, capacity 26740K, committed 26880K, reserved 1073152K
  class space    used 3203K, capacity 3484K, committed 3584K, reserved 1048576K
}
Event: 3.527 GC heap before
{Heap before GC invocations=8 (full 0):
 garbage-first heap   total 163840K, used 103305K [0x0000000080000000, 0x0000000100000000)
  region size 1024K, 96 young (98304K), 3 survivors (3072K)
 Metaspace       used 34772K, capacity 35764K, committed 35840K, reserved 1081344K
  class space    used 4443K, capacity 4845K, committed 4864K, reserved 1048576K
}
Event: 3.555 GC heap after
{Heap after GC invocations=9 (full 0):
 garbage-first heap   total 163840K, used 14804K [0x0000000080000000, 0x0000000100000000)
  region size 1024K, 9 young (9216K), 9 survivors (9216K)
 Metaspace       used 34772K, capacity 35764K, committed 35840K, reserved 1081344K
  class space    used 4443K, capacity 4845K, committed 4864K, reserved 1048576K
}
Event: 5.464 GC heap before
{Heap before GC invocations=10 (full 0):
 garbage-first heap   total 163840K, used 103892K [0x0000000080000000, 0x0000000100000000)
  region size 1024K, 96 young (98304K), 9 survivors (9216K)
 Metaspace       used 44395K, capacity 45607K, committed 45952K, reserved 1089536K
  class space    used 5694K, capacity 6179K, committed 6272K, reserved 1048576K
}

Deoptimization events (0 events):
No events

Classes redefined (0 events):
No events

Internal exceptions (10 events):
Event: 5.007 Thread 0x0000016686006800 Exception <a 'java/lang/ClassNotFoundException'{0x0000000085fd5340}: org/springframework/boot/autoconfigure/web/servlet/WebMvcAutoConfiguration$EnableWebMvcConfiguration$$EnhancerBySpringCGLIB$$33300de1Customizer> (0x0000000085fd5340) thrown at [./open/sr
Event: 5.008 Thread 0x0000016686006800 Exception <a 'java/lang/ClassNotFoundException'{0x0000000085ffcfc0}: org/springframework/context/annotation/ConfigurationClassEnhancer$EnhancedConfigurationCustomizer> (0x0000000085ffcfc0) thrown at [./open/src/hotspot/share/classfile/systemDictionary.cpp
Event: 5.009 Thread 0x0000016686006800 Exception <a 'java/lang/ClassNotFoundException'{0x0000000085e09358}: org/springframework/beans/factory/BeanFactoryAwareCustomizer> (0x0000000085e09358) thrown at [./open/src/hotspot/share/classfile/systemDictionary.cpp, line 227]
Event: 5.009 Thread 0x0000016686006800 Exception <a 'java/lang/ClassNotFoundException'{0x0000000085e14c30}: org/springframework/beans/factory/AwareCustomizer> (0x0000000085e14c30) thrown at [./open/src/hotspot/share/classfile/systemDictionary.cpp, line 227]
Event: 5.010 Thread 0x0000016686006800 Exception <a 'java/lang/ClassNotFoundException'{0x0000000085e20968}: org/springframework/context/ApplicationContextAwareCustomizer> (0x0000000085e20968) thrown at [./open/src/hotspot/share/classfile/systemDictionary.cpp, line 227]
Event: 5.010 Thread 0x0000016686006800 Exception <a 'java/lang/ClassNotFoundException'{0x0000000085e2c678}: org/springframework/beans/factory/AwareCustomizer> (0x0000000085e2c678) thrown at [./open/src/hotspot/share/classfile/systemDictionary.cpp, line 227]
Event: 5.011 Thread 0x0000016686006800 Exception <a 'java/lang/ClassNotFoundException'{0x0000000085e38378}: org/springframework/web/context/ServletContextAwareCustomizer> (0x0000000085e38378) thrown at [./open/src/hotspot/share/classfile/systemDictionary.cpp, line 227]
Event: 5.012 Thread 0x0000016686006800 Exception <a 'java/lang/ClassNotFoundException'{0x0000000085e43b60}: org/springframework/beans/factory/AwareCustomizer> (0x0000000085e43b60) thrown at [./open/src/hotspot/share/classfile/systemDictionary.cpp, line 227]
Event: 5.134 Thread 0x0000016686006800 Exception <a 'java/lang/NoSuchMethodError'{0x00000000857efe08}: java.lang.invoke.DirectMethodHandle$Holder.invokeVirtual(Ljava/lang/Object;Ljava/lang/Object;I)V> (0x00000000857efe08) thrown at [./open/src/hotspot/share/interpreter/linkResolver.cpp, line 7
Event: 5.317 Thread 0x00000166a4795800 Exception <a 'java/lang/reflect/InvocationTargetException'{0x0000000089a9e3d8}> (0x0000000089a9e3d8) thrown at [./open/src/hotspot/share/runtime/reflection.cpp, line 1242]

Events (10 events):
Event: 5.457 loading class org/springframework/boot/autoconfigure/http/HttpProperties done
Event: 5.457 loading class java/lang/invoke/LambdaForm$Hidden
Event: 5.457 loading class java/lang/invoke/LambdaForm$Hidden done
Event: 5.461 loading class org/springframework/http/codec/CodecConfigurer
Event: 5.461 loading class org/springframework/http/codec/CodecConfigurer done
Event: 5.461 loading class com/fasterxml/jackson/databind/ObjectMapper
Event: 5.461 loading class com/fasterxml/jackson/databind/ObjectMapper done
Event: 5.461 loading class com/fasterxml/jackson/databind/ObjectMapper
Event: 5.461 loading class com/fasterxml/jackson/databind/ObjectMapper done
Event: 5.463 Executing VM operation: G1CollectForAllocation


Dynamic libraries:
0x00007ff7b25c0000 - 0x00007ff7b25cf000 	C:\Program Files\Java\jdk-11.0.13\bin\javaw.exe
0x00007ff96fb50000 - 0x00007ff96fd45000 	C:\Windows\SYSTEM32\ntdll.dll
0x00007ff96dc40000 - 0x00007ff96dcfd000 	C:\Windows\System32\KERNEL32.DLL
0x00007ff96d7a0000 - 0x00007ff96da6d000 	C:\Windows\System32\KERNELBASE.dll
0x00007ff96d6a0000 - 0x00007ff96d7a0000 	C:\Windows\System32\ucrtbase.dll
0x00007ff94f250000 - 0x00007ff94f268000 	C:\Program Files\Java\jdk-11.0.13\bin\jli.dll
0x00007ff96e360000 - 0x00007ff96e40e000 	C:\Windows\System32\ADVAPI32.dll
0x00007ff96dba0000 - 0x00007ff96dc3e000 	C:\Windows\System32\msvcrt.dll
0x00007ff96fa70000 - 0x00007ff96fb0c000 	C:\Windows\System32\sechost.dll
0x00007ff96f430000 - 0x00007ff96f555000 	C:\Windows\System32\RPCRT4.dll
0x00007ff96de60000 - 0x00007ff96e000000 	C:\Windows\System32\USER32.dll
0x00007ff96d320000 - 0x00007ff96d342000 	C:\Windows\System32\win32u.dll
0x00007ff96dd10000 - 0x00007ff96dd3a000 	C:\Windows\System32\GDI32.dll
0x00007ff96d590000 - 0x00007ff96d69b000 	C:\Windows\System32\gdi32full.dll
0x00007ff96da70000 - 0x00007ff96db0d000 	C:\Windows\System32\msvcp_win.dll
0x00007ff94f230000 - 0x00007ff94f245000 	C:\Program Files\Java\jdk-11.0.13\bin\VCRUNTIME140.dll
0x00007ff951530000 - 0x00007ff9517ca000 	C:\Windows\WinSxS\amd64_microsoft.windows.common-controls_6595b64144ccf1df_6.0.19041.1110_none_60b5254171f9507e\COMCTL32.dll
0x00007ff9654b0000 - 0x00007ff9654ba000 	C:\Windows\SYSTEM32\VERSION.dll
0x00007ff96de10000 - 0x00007ff96de40000 	C:\Windows\System32\IMM32.DLL
0x00007ff944c00000 - 0x00007ff944c9b000 	C:\Program Files\Java\jdk-11.0.13\bin\msvcp140.dll
0x00007ff92b4c0000 - 0x00007ff92bfd3000 	C:\Program Files\Java\jdk-11.0.13\bin\server\jvm.dll
0x00007ff96fa60000 - 0x00007ff96fa68000 	C:\Windows\System32\PSAPI.DLL
0x00007ff9491c0000 - 0x00007ff9491c9000 	C:\Windows\SYSTEM32\WSOCK32.dll
0x00007ff96dd40000 - 0x00007ff96ddab000 	C:\Windows\System32\WS2_32.dll
0x00007ff94ee80000 - 0x00007ff94eea7000 	C:\Windows\SYSTEM32\WINMM.dll
0x00007ff96b140000 - 0x00007ff96b152000 	C:\Windows\SYSTEM32\kernel.appcore.dll
0x00007ff94f030000 - 0x00007ff94f040000 	C:\Program Files\Java\jdk-11.0.13\bin\verify.dll
0x00007ff95f980000 - 0x00007ff95fb64000 	C:\Windows\SYSTEM32\DBGHELP.DLL
0x00007ff95f950000 - 0x00007ff95f97c000 	C:\Windows\SYSTEM32\dbgcore.DLL
0x00007ff96db10000 - 0x00007ff96db92000 	C:\Windows\System32\bcryptPrimitives.dll
0x00007ff948920000 - 0x00007ff948948000 	C:\Program Files\Java\jdk-11.0.13\bin\java.dll
0x00007ff94efe0000 - 0x00007ff94efea000 	C:\Program Files\Java\jdk-11.0.13\bin\jimage.dll
0x00007ff948b80000 - 0x00007ff948b96000 	C:\Program Files\Java\jdk-11.0.13\bin\zip.dll
0x00007ff96e540000 - 0x00007ff96ec84000 	C:\Windows\System32\SHELL32.dll
0x00007ff96b340000 - 0x00007ff96bad4000 	C:\Windows\SYSTEM32\windows.storage.dll
0x00007ff96e000000 - 0x00007ff96e354000 	C:\Windows\System32\combase.dll
0x00007ff96cb10000 - 0x00007ff96cb3c000 	C:\Windows\SYSTEM32\Wldp.dll
0x00007ff96efd0000 - 0x00007ff96f07d000 	C:\Windows\System32\SHCORE.dll
0x00007ff96ddb0000 - 0x00007ff96de05000 	C:\Windows\System32\shlwapi.dll
0x00007ff96d1a0000 - 0x00007ff96d1bf000 	C:\Windows\SYSTEM32\profapi.dll
0x00007ff948900000 - 0x00007ff948919000 	C:\Program Files\Java\jdk-11.0.13\bin\net.dll
0x00007ff964b00000 - 0x00007ff964c0a000 	C:\Windows\SYSTEM32\WINHTTP.dll
0x00007ff96c8f0000 - 0x00007ff96c95a000 	C:\Windows\system32\mswsock.dll
0x00007ff9477c0000 - 0x00007ff9477d2000 	C:\Program Files\Java\jdk-11.0.13\bin\nio.dll
0x00007ff94efd0000 - 0x00007ff94efd9000 	C:\Program Files\Java\jdk-11.0.13\bin\management.dll
0x00007ff94eaf0000 - 0x00007ff94eafb000 	C:\Program Files\Java\jdk-11.0.13\bin\management_ext.dll
0x00007ff954d40000 - 0x00007ff954d57000 	C:\Windows\system32\napinsp.dll
0x00007ff954d20000 - 0x00007ff954d3b000 	C:\Windows\system32\pnrpnsp.dll
0x00007ff954d00000 - 0x00007ff954d15000 	C:\Windows\system32\wshbth.dll
0x00007ff968c10000 - 0x00007ff968c2d000 	C:\Windows\system32\NLAapi.dll
0x00007ff96c600000 - 0x00007ff96c63b000 	C:\Windows\SYSTEM32\IPHLPAPI.DLL
0x00007ff96c640000 - 0x00007ff96c70b000 	C:\Windows\SYSTEM32\DNSAPI.dll
0x00007ff96dd00000 - 0x00007ff96dd08000 	C:\Windows\System32\NSI.dll
0x00007ff954ce0000 - 0x00007ff954cf2000 	C:\Windows\System32\winrnr.dll
0x00007ff963f20000 - 0x00007ff963f2a000 	C:\Windows\System32\rasadhlp.dll
0x00007ff964a20000 - 0x00007ff964aa0000 	C:\Windows\System32\fwpuclnt.dll
0x00007ff96d4b0000 - 0x00007ff96d4d7000 	C:\Windows\System32\bcrypt.dll
0x00007ff96cb50000 - 0x00007ff96cb68000 	C:\Windows\SYSTEM32\CRYPTSP.dll
0x00007ff96c290000 - 0x00007ff96c2c4000 	C:\Windows\system32\rsaenh.dll
0x00007ff96d160000 - 0x00007ff96d18e000 	C:\Windows\SYSTEM32\USERENV.dll
0x00007ff96ca80000 - 0x00007ff96ca8c000 	C:\Windows\SYSTEM32\CRYPTBASE.dll
0x00007ff965e10000 - 0x00007ff965e27000 	C:\Windows\SYSTEM32\dhcpcsvc6.DLL
0x00007ff965df0000 - 0x00007ff965e0d000 	C:\Windows\SYSTEM32\dhcpcsvc.DLL
0x00007ff94b520000 - 0x00007ff94b52d000 	C:\Program Files\Java\jdk-11.0.13\bin\sunmscapi.dll
0x00007ff96d350000 - 0x00007ff96d4a6000 	C:\Windows\System32\CRYPT32.dll
0x00007ff96cc60000 - 0x00007ff96cc87000 	C:\Windows\SYSTEM32\ncrypt.dll
0x00007ff96cc20000 - 0x00007ff96cc5b000 	C:\Windows\SYSTEM32\NTASN1.dll
0x00007ff944fa0000 - 0x00007ff944fc5000 	C:\Program Files\Java\jdk-11.0.13\bin\sunec.dll

dbghelp: loaded successfully - version: 4.0.5 - missing functions: none
symbol engine: initialized successfully - sym options: 0x614 - pdb path: .;C:\Program Files\Java\jdk-11.0.13\bin;C:\Windows\SYSTEM32;C:\Windows\WinSxS\amd64_microsoft.windows.common-controls_6595b64144ccf1df_6.0.19041.1110_none_60b5254171f9507e;C:\Program Files\Java\jdk-11.0.13\bin\server

VM Arguments:
jvm_args: -Dcom.sun.management.jmxremote -Dcom.sun.management.jmxremote.port=50407 -Dcom.sun.management.jmxremote.authenticate=false -Dcom.sun.management.jmxremote.ssl=false -Djava.rmi.server.hostname=localhost -Dspring.jmx.enabled=true -Dspring.application.admin.enabled=true -XX:TieredStopAtLevel=1 -Dspring.boot.project.name=user-service -Dfile.encoding=UTF-8 
java_command: com.javatechie.spring.consul.api.UserServiceApplication --spring.output.ansi.enabled=always
java_class_path (initial): C:\dummy_folder\tcsbatch\day 12th consule microservice intercommuntincation\user-service\target\classes;C:\Users\sfjbs\.m2\repository\org\springframework\boot\spring-boot-starter-web\2.1.4.RELEASE\spring-boot-starter-web-2.1.4.RELEASE.jar;C:\Users\sfjbs\.m2\repository\org\springframework\boot\spring-boot-starter\2.1.4.RELEASE\spring-boot-starter-2.1.4.RELEASE.jar;C:\Users\sfjbs\.m2\repository\org\springframework\boot\spring-boot\2.1.4.RELEASE\spring-boot-2.1.4.RELEASE.jar;C:\Users\sfjbs\.m2\repository\org\springframework\boot\spring-boot-autoconfigure\2.1.4.RELEASE\spring-boot-autoconfigure-2.1.4.RELEASE.jar;C:\Users\sfjbs\.m2\repository\org\springframework\boot\spring-boot-starter-logging\2.1.4.RELEASE\spring-boot-starter-logging-2.1.4.RELEASE.jar;C:\Users\sfjbs\.m2\repository\ch\qos\logback\logback-classic\1.2.3\logback-classic-1.2.3.jar;C:\Users\sfjbs\.m2\repository\ch\qos\logback\logback-core\1.2.3\logback-core-1.2.3.jar;C:\Users\sfjbs\.m2\repository\org\apache\logging\log4j\log4j-to-slf4j\2.11.2\log4j-to-slf4j-2.11.2.jar;C:\Users\sfjbs\.m2\repository\org\apache\logging\log4j\log4j-api\2.11.2\log4j-api-2.11.2.jar;C:\Users\sfjbs\.m2\repository\org\slf4j\jul-to-slf4j\1.7.26\jul-to-slf4j-1.7.26.jar;C:\Users\sfjbs\.m2\repository\javax\annotation\javax.annotation-api\1.3.2\javax.annotation-api-1.3.2.jar;C:\Users\sfjbs\.m2\repository\org\yaml\snakeyaml\1.23\snakeyaml-1.23.jar;C:\Users\sfjbs\.m2\repository\org\springframework\boot\spring-boot-starter-json\2.1.4.RELEASE\spring-boot-starter-json-2.1.4.RELEASE.jar;C:\Users\sfjbs\.m2\repository\com\fasterxml\jackson\core\jackson-databind\2.9.8\jackson-databind-2.9.8.jar;C:\Users\sfjbs\.m2\repository\com\fasterxml\jackson\core\jackson-annotations\2.9.0\jackson-annotations-2.9.0.jar;C:\Users\sfjbs\.m2\repository\com\fasterxml\jackson\core\jackson-core\2.9.8\jackson-core-2.9.8.jar;C:\Users\sfjbs\.m2\repository\com\fasterxml\jackson\datatype\jackson-datatype-jdk8\2.9.8\jackson-datatype-jdk8-2.9.8.j
Launcher Type: SUN_STANDARD

[Global flags]
     intx CICompilerCount                          = 2                                         {product} {ergonomic}
     uint ConcGCThreads                            = 1                                         {product} {ergonomic}
     uint G1ConcRefinementThreads                  = 2                                         {product} {ergonomic}
   size_t G1HeapRegionSize                         = 1048576                                   {product} {ergonomic}
    uintx GCDrainStackTargetSize                   = 64                                        {product} {ergonomic}
   size_t InitialHeapSize                          = 134217728                                 {product} {ergonomic}
     bool ManagementServer                         = true                                      {product} {command line}
   size_t MarkStackSize                            = 4194304                                   {product} {ergonomic}
   size_t MaxHeapSize                              = 2147483648                                {product} {ergonomic}
   size_t MaxNewSize                               = 1287651328                                {product} {ergonomic}
   size_t MinHeapDeltaBytes                        = 1048576                                   {product} {ergonomic}
    uintx NonNMethodCodeHeapSize                   = 6396312                                {pd product} {ergonomic}
    uintx NonProfiledCodeHeapSize                  = 245261928                              {pd product} {ergonomic}
    uintx ProfiledCodeHeapSize                     = 0                                      {pd product} {ergonomic}
    uintx ReservedCodeCacheSize                    = 251658240                              {pd product} {ergonomic}
     bool SegmentedCodeCache                       = true                                      {product} {ergonomic}
     intx TieredStopAtLevel                        = 1                                         {product} {command line}
     bool UseCompressedClassPointers               = true                                 {lp64_product} {ergonomic}
     bool UseCompressedOops                        = true                                 {lp64_product} {ergonomic}
     bool UseG1GC                                  = true                                      {product} {ergonomic}
     bool UseLargePagesIndividualAllocation        = false                                  {pd product} {ergonomic}

Logging:
Log output configuration:
 #0: stdout all=warning uptime,level,tags
 #1: stderr all=off uptime,level,tags

Environment Variables:
PATH=C:/Users/sfjbs/Downloads/sts-4.14.1.RELEASE//plugins/org.eclipse.justj.openjdk.hotspot.jre.full.win32.x86_64_17.0.2.v20220201-1208/jre/bin/server;C:/Users/sfjbs/Downloads/sts-4.14.1.RELEASE//plugins/org.eclipse.justj.openjdk.hotspot.jre.full.win32.x86_64_17.0.2.v20220201-1208/jre/bin;C:\Program Files\Common Files\Oracle\Java\javapath;C:\Windows\system32;C:\Windows;C:\Windows\System32\Wbem;C:\Windows\System32\WindowsPowerShell\v1.0\;C:\Windows\System32\OpenSSH\;C:\Users\sfjbs\Downloads\javamicro-20220514T173831Z-001\javamicro\apache-maven-3.8.5-bin\apache-maven-3.8.5\bin;C:\Users\sfjbs\Downloads\javamicro-20220514T173831Z-001\javamicro\apache-maven-3.8.5-bin\apache-maven-3.8.5\lib;C:\Program Files\Git\cmd;C:\Program Files\Docker\Docker\resources\bin;C:\ProgramData\DockerDesktop\version-bin;C:\Users\sfjbs\AppData\Local\Microsoft\WindowsApps;C:\Users\sfjbs\Downloads\javamicro-20220514T173831Z-001\javamicro\apache-maven-3.8.5-bin\apache-maven-3.8.5\bin;C:\Users\sfjbs\Downloads\javamicro-20220514T173831Z-001\javamicro\apache-maven-3.8.5-bin\apache-maven-3.8.5\lib;;C:\Program Files\JetBrains\IntelliJ IDEA Community Edition 2021.3.3\bin;;C:\Users\sfjbs\Downloads\sts-4.14.1.RELEASE;
USERNAME=sfjbs
OS=Windows_NT
PROCESSOR_IDENTIFIER=Intel64 Family 6 Model 85 Stepping 7, GenuineIntel



---------------  S Y S T E M  ---------------

OS: Windows 10 , 64 bit Build 19041 (10.0.19041.1706)
Hyper-V role detected

CPU:total 2 (initial active 2) (1 cores per cpu, 2 threads per core) family 6 model 85 stepping 7 microcode 0xffffffff, cmov, cx8, fxsr, mmx, sse, sse2, sse3, ssse3, sse4.1, sse4.2, popcnt, avx, avx2, aes, clmul, erms, rtm, 3dnowpref, lzcnt, ht, tsc, bmi1, bmi2, adx, evex, fma

Memory: 4k page, system-wide physical 8190M (1132M free)
TotalPageFile size 10238M (AvailPageFile size 39M)
current process WorkingSet (physical memory assigned to process): 226M, peak: 226M
current process commit charge ("private bytes"): 293M, peak: 356M

vm_info: Java HotSpot(TM) 64-Bit Server VM (11.0.13+10-LTS-370) for windows-amd64 JRE (11.0.13+10-LTS-370), built on Sep 15 2021 22:10:36 by "mach5one" with MS VC++ 15.9 (VS2017)

END.
